# JRE version: OpenJDK Runtime Environment Microsoft-8035246 (17.0.8+7) (build 17.0.8+7-LTS)
# Java VM: OpenJDK 64-Bit Server VM Microsoft-8035246 (17.0.8+7-LTS, mixed mode, sharing, tiered, compressed oops, compressed class ptrs, g1 gc, windows-amd64)
GC Precious Log:
 CPUs: 8 total, 8 available
 Memory: 16253M
 Large Page Support: Disabled
 NUMA Support: Disabled
 Compressed Oops: Enabled (32-bit)
 Heap Region Size: 1M
 Heap Min Capacity: 8M
 Heap Initial Capacity: 254M
 Heap Max Capacity: 2G
 Pre-touch: Disabled
 Parallel Workers: 8
 Concurrent Workers: 2
 Concurrent Refinement Workers: 8
 Periodic GC: Disabled
Heap:
 garbage-first heap   total 229376K, used 173264K [0x0000000080000000, 0x0000000100000000)
  region size 1024K, 17 young (17408K), 3 survivors (3072K)
 Metaspace       used 101888K, committed 102848K, reserved 557056K
  class space    used 14124K, committed 14592K, reserved 425984K
GC Heap History (20 events):
Event: 42.605 GC heap before
{Heap before GC invocations=53 (full 0):
 garbage-first heap   total 190464K, used 161212K [0x0000000080000000, 0x0000000100000000)
  region size 1024K, 27 young (27648K), 2 survivors (2048K)
 Metaspace       used 95094K, committed 96000K, reserved 557056K
  class space    used 13323K, committed 13760K, reserved 425984K
}
Event: 42.608 GC heap after
{Heap after GC invocations=54 (full 0):
 garbage-first heap   total 190464K, used 136618K [0x0000000080000000, 0x0000000100000000)
  region size 1024K, 3 young (3072K), 3 survivors (3072K)
 Metaspace       used 95094K, committed 96000K, reserved 557056K
  class space    used 13323K, committed 13760K, reserved 425984K
}
Event: 43.286 GC heap before
{Heap before GC invocations=54 (full 0):
 garbage-first heap   total 190464K, used 162218K [0x0000000080000000, 0x0000000100000000)
  region size 1024K, 28 young (28672K), 3 survivors (3072K)
 Metaspace       used 96190K, committed 97152K, reserved 557056K
  class space    used 13471K, committed 13952K, reserved 425984K
}
Event: 43.291 GC heap after
{Heap after GC invocations=55 (full 0):
 garbage-first heap   total 190464K, used 139510K [0x0000000080000000, 0x0000000100000000)
  region size 1024K, 4 young (4096K), 4 survivors (4096K)
 Metaspace       used 96190K, committed 97152K, reserved 557056K
  class space    used 13471K, committed 13952K, reserved 425984K
}
Event: 43.602 GC heap before
{Heap before GC invocations=55 (full 0):
 garbage-first heap   total 190464K, used 163062K [0x0000000080000000, 0x0000000100000000)
  region size 1024K, 27 young (27648K), 4 survivors (4096K)
 Metaspace       used 97402K, committed 98304K, reserved 557056K
  class space    used 13613K, committed 14080K, reserved 425984K
}
Event: 43.606 GC heap after
{Heap after GC invocations=56 (full 0):
 garbage-first heap   total 190464K, used 141322K [0x0000000080000000, 0x0000000100000000)
  region size 1024K, 3 young (3072K), 3 survivors (3072K)
 Metaspace       used 97402K, committed 98304K, reserved 557056K
  class space    used 13613K, committed 14080K, reserved 425984K
}
Event: 43.848 GC heap before
{Heap before GC invocations=56 (full 0):
 garbage-first heap   total 190464K, used 162826K [0x0000000080000000, 0x0000000100000000)
  region size 1024K, 24 young (24576K), 3 survivors (3072K)
 Metaspace       used 98051K, committed 99008K, reserved 557056K
  class space    used 13694K, committed 14144K, reserved 425984K
}
Event: 43.852 GC heap after
{Heap after GC invocations=57 (full 0):
 garbage-first heap   total 190464K, used 143433K [0x0000000080000000, 0x0000000100000000)
  region size 1024K, 3 young (3072K), 3 survivors (3072K)
 Metaspace       used 98051K, committed 99008K, reserved 557056K
  class space    used 13694K, committed 14144K, reserved 425984K
}
Event: 44.107 GC heap before
{Heap before GC invocations=57 (full 0):
 garbage-first heap   total 190464K, used 162889K [0x0000000080000000, 0x0000000100000000)
  region size 1024K, 22 young (22528K), 3 survivors (3072K)
 Metaspace       used 98182K, committed 99136K, reserved 557056K
  class space    used 13695K, committed 14144K, reserved 425984K
}
Event: 44.111 GC heap after
{Heap after GC invocations=58 (full 0):
 garbage-first heap   total 190464K, used 145305K [0x0000000080000000, 0x0000000100000000)
  region size 1024K, 2 young (2048K), 2 survivors (2048K)
 Metaspace       used 98182K, committed 99136K, reserved 557056K
  class space    used 13695K, committed 14144K, reserved 425984K
}
Event: 44.297 GC heap before
{Heap before GC invocations=58 (full 0):
 garbage-first heap   total 190464K, used 164761K [0x0000000080000000, 0x0000000100000000)
  region size 1024K, 21 young (21504K), 2 survivors (2048K)
 Metaspace       used 98516K, committed 99456K, reserved 557056K
  class space    used 13734K, committed 14208K, reserved 425984K
}
Event: 44.301 GC heap after
{Heap after GC invocations=59 (full 0):
 garbage-first heap   total 190464K, used 147654K [0x0000000080000000, 0x0000000100000000)
  region size 1024K, 3 young (3072K), 3 survivors (3072K)
 Metaspace       used 98516K, committed 99456K, reserved 557056K
  class space    used 13734K, committed 14208K, reserved 425984K
}
Event: 44.438 GC heap before
{Heap before GC invocations=59 (full 0):
 garbage-first heap   total 190464K, used 163014K [0x0000000080000000, 0x0000000100000000)
  region size 1024K, 19 young (19456K), 3 survivors (3072K)
 Metaspace       used 99085K, committed 100032K, reserved 557056K
  class space    used 13778K, committed 14272K, reserved 425984K
}
Event: 44.445 GC heap after
{Heap after GC invocations=60 (full 0):
 garbage-first heap   total 229376K, used 150958K [0x0000000080000000, 0x0000000100000000)
  region size 1024K, 3 young (3072K), 3 survivors (3072K)
 Metaspace       used 99085K, committed 100032K, reserved 557056K
  class space    used 13778K, committed 14272K, reserved 425984K
}
Event: 45.287 GC heap before
{Heap before GC invocations=60 (full 0):
 garbage-first heap   total 229376K, used 197038K [0x0000000080000000, 0x0000000100000000)
  region size 1024K, 44 young (45056K), 3 survivors (3072K)
 Metaspace       used 101142K, committed 102144K, reserved 557056K
  class space    used 14030K, committed 14528K, reserved 425984K
}
Event: 45.294 GC heap after
{Heap after GC invocations=61 (full 0):
 garbage-first heap   total 229376K, used 153240K [0x0000000080000000, 0x0000000100000000)
  region size 1024K, 6 young (6144K), 6 survivors (6144K)
 Metaspace       used 101142K, committed 102144K, reserved 557056K
  class space    used 14030K, committed 14528K, reserved 425984K
}
Event: 46.272 GC heap before
{Heap before GC invocations=61 (full 0):
 garbage-first heap   total 229376K, used 192152K [0x0000000080000000, 0x0000000100000000)
  region size 1024K, 45 young (46080K), 6 survivors (6144K)
 Metaspace       used 101778K, committed 102720K, reserved 557056K
  class space    used 14124K, committed 14592K, reserved 425984K
}
Event: 46.279 GC heap after
{Heap after GC invocations=62 (full 0):
 garbage-first heap   total 229376K, used 156904K [0x0000000080000000, 0x0000000100000000)
  region size 1024K, 6 young (6144K), 6 survivors (6144K)
 Metaspace       used 101778K, committed 102720K, reserved 557056K
  class space    used 14124K, committed 14592K, reserved 425984K
}
Event: 46.813 GC heap before
{Heap before GC invocations=62 (full 0):
 garbage-first heap   total 229376K, used 192744K [0x0000000080000000, 0x0000000100000000)
  region size 1024K, 42 young (43008K), 6 survivors (6144K)
 Metaspace       used 101885K, committed 102784K, reserved 557056K
  class space    used 14124K, committed 14592K, reserved 425984K
}
Event: 46.817 GC heap after
{Heap after GC invocations=63 (full 0):
 garbage-first heap   total 229376K, used 159952K [0x0000000080000000, 0x0000000100000000)
  region size 1024K, 3 young (3072K), 3 survivors (3072K)
 Metaspace       used 101885K, committed 102784K, reserved 557056K
  class space    used 14124K, committed 14592K, reserved 425984K
}

